{"/home/clooker/dev/open-weather-dashboard/src/api.js": {"path":"/home/clooker/dev/open-weather-dashboard/src/api.js","statementMap":{"0":{"start":{"line":1,"column":15},"end":{"line":1,"column":49}}},"fnMap":{},"branchMap":{},"s":{"0":6},"f":{},"b":{},"_coverageSchema":"332fd63041d2c1bcb487cc26dd0d5f7d97098a6c","hash":"677366406f8bb912fd5b442cd0a677adcf582e78"}
,"/home/clooker/dev/open-weather-dashboard/src/components/AirQualityReport.js": {"path":"/home/clooker/dev/open-weather-dashboard/src/components/AirQualityReport.js","statementMap":{"0":{"start":{"line":13,"column":4},"end":{"line":23,"column":7}},"1":{"start":{"line":14,"column":6},"end":{"line":22,"column":40}},"2":{"start":{"line":17,"column":21},"end":{"line":17,"column":31}},"3":{"start":{"line":20,"column":12},"end":{"line":20,"column":80}},"4":{"start":{"line":22,"column":22},"end":{"line":22,"column":38}},"5":{"start":{"line":27,"column":4},"end":{"line":30,"column":23}},"6":{"start":{"line":28,"column":18},"end":{"line":28,"column":33}},"7":{"start":{"line":29,"column":18},"end":{"line":29,"column":41}},"8":{"start":{"line":30,"column":17},"end":{"line":30,"column":22}},"9":{"start":{"line":33,"column":4},"end":{"line":62,"column":6}},"10":{"start":{"line":48,"column":16},"end":{"line":56,"column":18}}},"fnMap":{"0":{"name":"(anonymous_0)","decl":{"start":{"line":12,"column":2},"end":{"line":12,"column":3}},"loc":{"start":{"line":12,"column":22},"end":{"line":24,"column":3}},"line":12},"1":{"name":"(anonymous_1)","decl":{"start":{"line":13,"column":36},"end":{"line":13,"column":37}},"loc":{"start":{"line":13,"column":43},"end":{"line":23,"column":5}},"line":13},"2":{"name":"(anonymous_2)","decl":{"start":{"line":17,"column":14},"end":{"line":17,"column":15}},"loc":{"start":{"line":17,"column":21},"end":{"line":17,"column":31}},"line":17},"3":{"name":"(anonymous_3)","decl":{"start":{"line":19,"column":10},"end":{"line":19,"column":11}},"loc":{"start":{"line":20,"column":12},"end":{"line":20,"column":80}},"line":20},"4":{"name":"(anonymous_4)","decl":{"start":{"line":22,"column":15},"end":{"line":22,"column":16}},"loc":{"start":{"line":22,"column":22},"end":{"line":22,"column":38}},"line":22},"5":{"name":"(anonymous_5)","decl":{"start":{"line":26,"column":24},"end":{"line":26,"column":25}},"loc":{"start":{"line":27,"column":4},"end":{"line":30,"column":23}},"line":27},"6":{"name":"(anonymous_6)","decl":{"start":{"line":28,"column":11},"end":{"line":28,"column":12}},"loc":{"start":{"line":28,"column":18},"end":{"line":28,"column":33}},"line":28},"7":{"name":"(anonymous_7)","decl":{"start":{"line":29,"column":11},"end":{"line":29,"column":12}},"loc":{"start":{"line":29,"column":18},"end":{"line":29,"column":41}},"line":29},"8":{"name":"(anonymous_8)","decl":{"start":{"line":30,"column":12},"end":{"line":30,"column":13}},"loc":{"start":{"line":30,"column":17},"end":{"line":30,"column":22}},"line":30},"9":{"name":"(anonymous_9)","decl":{"start":{"line":32,"column":2},"end":{"line":32,"column":3}},"loc":{"start":{"line":32,"column":11},"end":{"line":63,"column":3}},"line":32},"10":{"name":"(anonymous_10)","decl":{"start":{"line":47,"column":43},"end":{"line":47,"column":44}},"loc":{"start":{"line":47,"column":51},"end":{"line":57,"column":15}},"line":47}},"branchMap":{"0":{"loc":{"start":{"line":20,"column":12},"end":{"line":20,"column":80}},"type":"binary-expr","locations":[{"start":{"line":20,"column":12},"end":{"line":20,"column":39}},{"start":{"line":20,"column":43},"end":{"line":20,"column":80}}],"line":20},"1":{"loc":{"start":{"line":35,"column":9},"end":{"line":60,"column":9}},"type":"cond-expr","locations":[{"start":{"line":36,"column":10},"end":{"line":36,"column":21}},{"start":{"line":38,"column":10},"end":{"line":59,"column":16}}],"line":35},"2":{"loc":{"start":{"line":49,"column":18},"end":{"line":55,"column":19}},"type":"binary-expr","locations":[{"start":{"line":49,"column":18},"end":{"line":49,"column":58}},{"start":{"line":50,"column":20},"end":{"line":54,"column":22}}],"line":49}},"s":{"0":0,"1":0,"2":0,"3":0,"4":0,"5":0,"6":0,"7":0,"8":0,"9":0,"10":0},"f":{"0":0,"1":0,"2":0,"3":0,"4":0,"5":0,"6":0,"7":0,"8":0,"9":0,"10":0},"b":{"0":[0,0],"1":[0,0],"2":[0,0]},"_coverageSchema":"332fd63041d2c1bcb487cc26dd0d5f7d97098a6c","hash":"4eea087853123cdb0d1ffb92f7ca260b25cdb0e3"}
,"/home/clooker/dev/open-weather-dashboard/src/components/CreateWeatherAlert.js": {"path":"/home/clooker/dev/open-weather-dashboard/src/components/CreateWeatherAlert.js","statementMap":{"0":{"start":{"line":17,"column":42},"end":{"line":43,"column":3}},"1":{"start":{"line":46,"column":4},"end":{"line":48,"column":6}},"2":{"start":{"line":51,"column":4},"end":{"line":53,"column":6}},"3":{"start":{"line":56,"column":29},"end":{"line":56,"column":39}},"4":{"start":{"line":57,"column":4},"end":{"line":57,"column":23}},"5":{"start":{"line":58,"column":4},"end":{"line":80,"column":5}},"6":{"start":{"line":59,"column":6},"end":{"line":61,"column":9}},"7":{"start":{"line":62,"column":6},"end":{"line":79,"column":11}},"8":{"start":{"line":74,"column":21},"end":{"line":74,"column":31}},"9":{"start":{"line":75,"column":21},"end":{"line":75,"column":62}},"10":{"start":{"line":77,"column":10},"end":{"line":77,"column":27}},"11":{"start":{"line":78,"column":10},"end":{"line":78,"column":52}},"12":{"start":{"line":84,"column":4},"end":{"line":94,"column":11}},"13":{"start":{"line":85,"column":36},"end":{"line":89,"column":9}},"14":{"start":{"line":98,"column":4},"end":{"line":98,"column":57}},"15":{"start":{"line":101,"column":4},"end":{"line":103,"column":12}},"16":{"start":{"line":106,"column":4},"end":{"line":106,"column":58}},"17":{"start":{"line":109,"column":4},"end":{"line":116,"column":5}},"18":{"start":{"line":111,"column":8},"end":{"line":111,"column":44}},"19":{"start":{"line":113,"column":8},"end":{"line":113,"column":56}},"20":{"start":{"line":115,"column":8},"end":{"line":115,"column":35}},"21":{"start":{"line":120,"column":38},"end":{"line":120,"column":48}},"22":{"start":{"line":121,"column":4},"end":{"line":152,"column":6}}},"fnMap":{"0":{"name":"(anonymous_0)","decl":{"start":{"line":17,"column":12},"end":{"line":17,"column":13}},"loc":{"start":{"line":17,"column":42},"end":{"line":43,"column":3}},"line":17},"1":{"name":"(anonymous_1)","decl":{"start":{"line":45,"column":22},"end":{"line":45,"column":23}},"loc":{"start":{"line":46,"column":4},"end":{"line":48,"column":6}},"line":46},"2":{"name":"(anonymous_2)","decl":{"start":{"line":50,"column":22},"end":{"line":50,"column":23}},"loc":{"start":{"line":51,"column":4},"end":{"line":53,"column":6}},"line":51},"3":{"name":"(anonymous_3)","decl":{"start":{"line":55,"column":17},"end":{"line":55,"column":18}},"loc":{"start":{"line":55,"column":22},"end":{"line":81,"column":3}},"line":55},"4":{"name":"(anonymous_4)","decl":{"start":{"line":74,"column":14},"end":{"line":74,"column":15}},"loc":{"start":{"line":74,"column":21},"end":{"line":74,"column":31}},"line":74},"5":{"name":"(anonymous_5)","decl":{"start":{"line":75,"column":14},"end":{"line":75,"column":15}},"loc":{"start":{"line":75,"column":21},"end":{"line":75,"column":62}},"line":75},"6":{"name":"(anonymous_6)","decl":{"start":{"line":76,"column":15},"end":{"line":76,"column":16}},"loc":{"start":{"line":76,"column":22},"end":{"line":79,"column":9}},"line":76},"7":{"name":"(anonymous_7)","decl":{"start":{"line":83,"column":20},"end":{"line":83,"column":21}},"loc":{"start":{"line":83,"column":34},"end":{"line":95,"column":3}},"line":83},"8":{"name":"(anonymous_8)","decl":{"start":{"line":85,"column":22},"end":{"line":85,"column":23}},"loc":{"start":{"line":85,"column":36},"end":{"line":89,"column":9}},"line":85},"9":{"name":"(anonymous_9)","decl":{"start":{"line":97,"column":13},"end":{"line":97,"column":14}},"loc":{"start":{"line":98,"column":4},"end":{"line":98,"column":57}},"line":98},"10":{"name":"(anonymous_10)","decl":{"start":{"line":100,"column":18},"end":{"line":100,"column":19}},"loc":{"start":{"line":101,"column":4},"end":{"line":103,"column":12}},"line":101},"11":{"name":"(anonymous_11)","decl":{"start":{"line":105,"column":18},"end":{"line":105,"column":19}},"loc":{"start":{"line":106,"column":4},"end":{"line":106,"column":58}},"line":106},"12":{"name":"(anonymous_12)","decl":{"start":{"line":108,"column":21},"end":{"line":108,"column":22}},"loc":{"start":{"line":108,"column":43},"end":{"line":117,"column":3}},"line":108},"13":{"name":"(anonymous_13)","decl":{"start":{"line":119,"column":2},"end":{"line":119,"column":3}},"loc":{"start":{"line":119,"column":11},"end":{"line":153,"column":3}},"line":119}},"branchMap":{"0":{"loc":{"start":{"line":58,"column":4},"end":{"line":80,"column":5}},"type":"if","locations":[{"start":{"line":58,"column":4},"end":{"line":80,"column":5}},{"start":{"line":58,"column":4},"end":{"line":80,"column":5}}],"line":58},"1":{"loc":{"start":{"line":84,"column":4},"end":{"line":94,"column":10}},"type":"cond-expr","locations":[{"start":{"line":85,"column":8},"end":{"line":89,"column":53}},{"start":{"line":90,"column":8},"end":{"line":94,"column":10}}],"line":84},"2":{"loc":{"start":{"line":85,"column":8},"end":{"line":89,"column":53}},"type":"binary-expr","locations":[{"start":{"line":85,"column":8},"end":{"line":89,"column":11}},{"start":{"line":89,"column":15},"end":{"line":89,"column":53}}],"line":85},"3":{"loc":{"start":{"line":98,"column":4},"end":{"line":98,"column":57}},"type":"binary-expr","locations":[{"start":{"line":98,"column":4},"end":{"line":98,"column":28}},{"start":{"line":98,"column":32},"end":{"line":98,"column":57}}],"line":98},"4":{"loc":{"start":{"line":101,"column":4},"end":{"line":103,"column":12}},"type":"cond-expr","locations":[{"start":{"line":102,"column":8},"end":{"line":102,"column":64}},{"start":{"line":103,"column":8},"end":{"line":103,"column":12}}],"line":101},"5":{"loc":{"start":{"line":101,"column":4},"end":{"line":101,"column":26}},"type":"binary-expr","locations":[{"start":{"line":101,"column":4},"end":{"line":101,"column":10}},{"start":{"line":101,"column":14},"end":{"line":101,"column":26}}],"line":101},"6":{"loc":{"start":{"line":102,"column":8},"end":{"line":102,"column":64}},"type":"binary-expr","locations":[{"start":{"line":102,"column":8},"end":{"line":102,"column":55}},{"start":{"line":102,"column":59},"end":{"line":102,"column":64}}],"line":102},"7":{"loc":{"start":{"line":106,"column":4},"end":{"line":106,"column":58}},"type":"cond-expr","locations":[{"start":{"line":106,"column":13},"end":{"line":106,"column":51}},{"start":{"line":106,"column":54},"end":{"line":106,"column":58}}],"line":106},"8":{"loc":{"start":{"line":106,"column":13},"end":{"line":106,"column":51}},"type":"binary-expr","locations":[{"start":{"line":106,"column":13},"end":{"line":106,"column":42}},{"start":{"line":106,"column":46},"end":{"line":106,"column":51}}],"line":106},"9":{"loc":{"start":{"line":109,"column":4},"end":{"line":116,"column":5}},"type":"switch","locations":[{"start":{"line":110,"column":6},"end":{"line":111,"column":44}},{"start":{"line":112,"column":6},"end":{"line":113,"column":56}},{"start":{"line":114,"column":6},"end":{"line":115,"column":35}}],"line":109}},"s":{"0":0,"1":0,"2":0,"3":0,"4":0,"5":0,"6":0,"7":0,"8":0,"9":0,"10":0,"11":0,"12":0,"13":0,"14":0,"15":0,"16":0,"17":0,"18":0,"19":0,"20":0,"21":0,"22":0},"f":{"0":0,"1":0,"2":0,"3":0,"4":0,"5":0,"6":0,"7":0,"8":0,"9":0,"10":0,"11":0,"12":0,"13":0},"b":{"0":[0,0],"1":[0,0],"2":[0,0],"3":[0,0],"4":[0,0],"5":[0,0],"6":[0,0],"7":[0,0],"8":[0,0],"9":[0,0,0]},"_coverageSchema":"332fd63041d2c1bcb487cc26dd0d5f7d97098a6c","hash":"2911b928c4e1c76cc8f0c446b58c2964820f7516"}
,"/home/clooker/dev/open-weather-dashboard/src/components/CurrentClouds.js": {"path":"/home/clooker/dev/open-weather-dashboard/src/components/CurrentClouds.js","statementMap":{"0":{"start":{"line":10,"column":23},"end":{"line":10,"column":33}},"1":{"start":{"line":11,"column":4},"end":{"line":19,"column":6}}},"fnMap":{"0":{"name":"(anonymous_0)","decl":{"start":{"line":9,"column":2},"end":{"line":9,"column":3}},"loc":{"start":{"line":9,"column":11},"end":{"line":20,"column":3}},"line":9}},"branchMap":{},"s":{"0":0,"1":0},"f":{"0":0},"b":{},"_coverageSchema":"332fd63041d2c1bcb487cc26dd0d5f7d97098a6c","hash":"09c39cf8f7b5e2bc33a550c65ece6aad1d6457d6"}
,"/home/clooker/dev/open-weather-dashboard/src/components/CurrentPressure.js": {"path":"/home/clooker/dev/open-weather-dashboard/src/components/CurrentPressure.js","statementMap":{"0":{"start":{"line":10,"column":25},"end":{"line":10,"column":35}},"1":{"start":{"line":11,"column":4},"end":{"line":19,"column":6}}},"fnMap":{"0":{"name":"(anonymous_0)","decl":{"start":{"line":9,"column":2},"end":{"line":9,"column":3}},"loc":{"start":{"line":9,"column":11},"end":{"line":20,"column":3}},"line":9}},"branchMap":{},"s":{"0":0,"1":0},"f":{"0":0},"b":{},"_coverageSchema":"332fd63041d2c1bcb487cc26dd0d5f7d97098a6c","hash":"6251203c99301b6e2830aa5c731445ff141b1635"}
,"/home/clooker/dev/open-weather-dashboard/src/components/CurrentTemperature.js": {"path":"/home/clooker/dev/open-weather-dashboard/src/components/CurrentTemperature.js","statementMap":{"0":{"start":{"line":11,"column":28},"end":{"line":11,"column":38}},"1":{"start":{"line":12,"column":4},"end":{"line":22,"column":6}}},"fnMap":{"0":{"name":"(anonymous_0)","decl":{"start":{"line":10,"column":2},"end":{"line":10,"column":3}},"loc":{"start":{"line":10,"column":11},"end":{"line":23,"column":3}},"line":10}},"branchMap":{},"s":{"0":0,"1":0},"f":{"0":0},"b":{},"_coverageSchema":"332fd63041d2c1bcb487cc26dd0d5f7d97098a6c","hash":"c02511ec5b301bfdd4b7c09cd66f78bd7cae936d"}
,"/home/clooker/dev/open-weather-dashboard/src/components/CurrentWeather.js": {"path":"/home/clooker/dev/open-weather-dashboard/src/components/CurrentWeather.js","statementMap":{"0":{"start":{"line":27,"column":4},"end":{"line":27,"column":37}},"1":{"start":{"line":31,"column":4},"end":{"line":31,"column":76}},"2":{"start":{"line":35,"column":4},"end":{"line":38,"column":6}},"3":{"start":{"line":41,"column":4},"end":{"line":48,"column":28}},"4":{"start":{"line":46,"column":19},"end":{"line":46,"column":29}},"5":{"start":{"line":51,"column":32},"end":{"line":51,"column":69}},"6":{"start":{"line":54,"column":4},"end":{"line":65,"column":5}},"7":{"start":{"line":67,"column":26},"end":{"line":67,"column":52}},"8":{"start":{"line":69,"column":23},"end":{"line":69,"column":47}},"9":{"start":{"line":71,"column":26},"end":{"line":71,"column":45}},"10":{"start":{"line":83,"column":8},"end":{"line":83,"column":18}},"11":{"start":{"line":85,"column":4},"end":{"line":104,"column":6}}},"fnMap":{"0":{"name":"(anonymous_0)","decl":{"start":{"line":26,"column":2},"end":{"line":26,"column":3}},"loc":{"start":{"line":26,"column":22},"end":{"line":28,"column":3}},"line":26},"1":{"name":"(anonymous_1)","decl":{"start":{"line":30,"column":2},"end":{"line":30,"column":3}},"loc":{"start":{"line":30,"column":43},"end":{"line":32,"column":3}},"line":30},"2":{"name":"(anonymous_2)","decl":{"start":{"line":34,"column":22},"end":{"line":34,"column":23}},"loc":{"start":{"line":35,"column":4},"end":{"line":38,"column":6}},"line":35},"3":{"name":"(anonymous_3)","decl":{"start":{"line":40,"column":2},"end":{"line":40,"column":3}},"loc":{"start":{"line":40,"column":19},"end":{"line":49,"column":3}},"line":40},"4":{"name":"(anonymous_4)","decl":{"start":{"line":46,"column":12},"end":{"line":46,"column":13}},"loc":{"start":{"line":46,"column":19},"end":{"line":46,"column":29}},"line":46},"5":{"name":"(anonymous_5)","decl":{"start":{"line":51,"column":22},"end":{"line":51,"column":23}},"loc":{"start":{"line":51,"column":32},"end":{"line":51,"column":69}},"line":51},"6":{"name":"(anonymous_6)","decl":{"start":{"line":53,"column":22},"end":{"line":53,"column":23}},"loc":{"start":{"line":54,"column":4},"end":{"line":65,"column":5}},"line":54},"7":{"name":"(anonymous_7)","decl":{"start":{"line":67,"column":17},"end":{"line":67,"column":18}},"loc":{"start":{"line":67,"column":26},"end":{"line":67,"column":52}},"line":67},"8":{"name":"(anonymous_8)","decl":{"start":{"line":69,"column":15},"end":{"line":69,"column":16}},"loc":{"start":{"line":69,"column":23},"end":{"line":69,"column":47}},"line":69},"9":{"name":"(anonymous_9)","decl":{"start":{"line":71,"column":17},"end":{"line":71,"column":18}},"loc":{"start":{"line":71,"column":26},"end":{"line":71,"column":45}},"line":71},"10":{"name":"(anonymous_10)","decl":{"start":{"line":73,"column":2},"end":{"line":73,"column":3}},"loc":{"start":{"line":73,"column":11},"end":{"line":105,"column":3}},"line":73}},"branchMap":{"0":{"loc":{"start":{"line":31,"column":4},"end":{"line":31,"column":75}},"type":"binary-expr","locations":[{"start":{"line":31,"column":4},"end":{"line":31,"column":38}},{"start":{"line":31,"column":42},"end":{"line":31,"column":75}}],"line":31},"1":{"loc":{"start":{"line":51,"column":32},"end":{"line":51,"column":69}},"type":"cond-expr","locations":[{"start":{"line":51,"column":48},"end":{"line":51,"column":58}},{"start":{"line":51,"column":61},"end":{"line":51,"column":69}}],"line":51},"2":{"loc":{"start":{"line":71,"column":26},"end":{"line":71,"column":45}},"type":"cond-expr","locations":[{"start":{"line":71,"column":33},"end":{"line":71,"column":37}},{"start":{"line":71,"column":40},"end":{"line":71,"column":45}}],"line":71},"3":{"loc":{"start":{"line":87,"column":9},"end":{"line":102,"column":9}},"type":"cond-expr","locations":[{"start":{"line":88,"column":10},"end":{"line":88,"column":21}},{"start":{"line":90,"column":10},"end":{"line":101,"column":16}}],"line":87}},"s":{"0":0,"1":0,"2":0,"3":0,"4":0,"5":0,"6":0,"7":0,"8":0,"9":0,"10":0,"11":0},"f":{"0":0,"1":0,"2":0,"3":0,"4":0,"5":0,"6":0,"7":0,"8":0,"9":0,"10":0},"b":{"0":[0,0],"1":[0,0],"2":[0,0],"3":[0,0]},"_coverageSchema":"332fd63041d2c1bcb487cc26dd0d5f7d97098a6c","hash":"c1968004efcf88ded23ae3abd01b74a62831936d"}
,"/home/clooker/dev/open-weather-dashboard/src/components/CurrentWeatherAndIcon.js": {"path":"/home/clooker/dev/open-weather-dashboard/src/components/CurrentWeatherAndIcon.js","statementMap":{"0":{"start":{"line":11,"column":34},"end":{"line":11,"column":44}},"1":{"start":{"line":12,"column":4},"end":{"line":20,"column":6}}},"fnMap":{"0":{"name":"(anonymous_0)","decl":{"start":{"line":10,"column":2},"end":{"line":10,"column":3}},"loc":{"start":{"line":10,"column":11},"end":{"line":21,"column":3}},"line":10}},"branchMap":{},"s":{"0":0,"1":0},"f":{"0":0},"b":{},"_coverageSchema":"332fd63041d2c1bcb487cc26dd0d5f7d97098a6c","hash":"74bf95eeb4bdd8d7e6b1a426c2aa680d2bc359b3"}
,"/home/clooker/dev/open-weather-dashboard/src/components/CurrentWind.js": {"path":"/home/clooker/dev/open-weather-dashboard/src/components/CurrentWind.js","statementMap":{"0":{"start":{"line":10,"column":21},"end":{"line":10,"column":31}},"1":{"start":{"line":11,"column":4},"end":{"line":19,"column":6}}},"fnMap":{"0":{"name":"(anonymous_0)","decl":{"start":{"line":9,"column":2},"end":{"line":9,"column":3}},"loc":{"start":{"line":9,"column":11},"end":{"line":20,"column":3}},"line":9}},"branchMap":{},"s":{"0":0,"1":0},"f":{"0":0},"b":{},"_coverageSchema":"332fd63041d2c1bcb487cc26dd0d5f7d97098a6c","hash":"eb67e561da99b869f0026fbd6e4210e39d208e77"}
,"/home/clooker/dev/open-weather-dashboard/src/components/FiveDayForecast.js": {"path":"/home/clooker/dev/open-weather-dashboard/src/components/FiveDayForecast.js","statementMap":{"0":{"start":{"line":21,"column":4},"end":{"line":21,"column":37}},"1":{"start":{"line":25,"column":4},"end":{"line":26,"column":48}},"2":{"start":{"line":30,"column":4},"end":{"line":37,"column":28}},"3":{"start":{"line":35,"column":19},"end":{"line":35,"column":29}},"4":{"start":{"line":40,"column":26},"end":{"line":40,"column":52}},"5":{"start":{"line":43,"column":4},"end":{"line":49,"column":7}},"6":{"start":{"line":43,"column":37},"end":{"line":49,"column":5}},"7":{"start":{"line":44,"column":35},"end":{"line":48,"column":7}},"8":{"start":{"line":51,"column":32},"end":{"line":51,"column":69}},"9":{"start":{"line":54,"column":18},"end":{"line":54,"column":51}},"10":{"start":{"line":55,"column":4},"end":{"line":57,"column":6}},"11":{"start":{"line":56,"column":11},"end":{"line":56,"column":62}},"12":{"start":{"line":61,"column":4},"end":{"line":70,"column":7}},"13":{"start":{"line":61,"column":23},"end":{"line":70,"column":5}},"14":{"start":{"line":73,"column":4},"end":{"line":78,"column":7}},"15":{"start":{"line":73,"column":23},"end":{"line":78,"column":5}},"16":{"start":{"line":75,"column":41},"end":{"line":75,"column":50}},"17":{"start":{"line":76,"column":44},"end":{"line":76,"column":53}},"18":{"start":{"line":77,"column":48},"end":{"line":77,"column":57}},"19":{"start":{"line":82,"column":33},"end":{"line":82,"column":59}},"20":{"start":{"line":85,"column":32},"end":{"line":88,"column":10}},"21":{"start":{"line":86,"column":6},"end":{"line":86,"column":56}},"22":{"start":{"line":87,"column":6},"end":{"line":87,"column":60}},"23":{"start":{"line":92,"column":33},"end":{"line":94,"column":5}},"24":{"start":{"line":99,"column":32},"end":{"line":116,"column":5}},"25":{"start":{"line":101,"column":8},"end":{"line":114,"column":9}},"26":{"start":{"line":103,"column":12},"end":{"line":113,"column":17}},"27":{"start":{"line":119,"column":35},"end":{"line":121,"column":5}},"28":{"start":{"line":127,"column":44},"end":{"line":142,"column":5}},"29":{"start":{"line":128,"column":24},"end":{"line":140,"column":7}},"30":{"start":{"line":134,"column":14},"end":{"line":136,"column":45}},"31":{"start":{"line":146,"column":46},"end":{"line":166,"column":9}},"32":{"start":{"line":147,"column":17},"end":{"line":156,"column":7}},"33":{"start":{"line":151,"column":12},"end":{"line":154,"column":39}},"34":{"start":{"line":153,"column":26},"end":{"line":153,"column":40}},"35":{"start":{"line":154,"column":30},"end":{"line":154,"column":35}},"36":{"start":{"line":157,"column":17},"end":{"line":166,"column":7}},"37":{"start":{"line":161,"column":12},"end":{"line":163,"column":20}},"38":{"start":{"line":169,"column":4},"end":{"line":171,"column":7}},"39":{"start":{"line":175,"column":25},"end":{"line":175,"column":35}},"40":{"start":{"line":176,"column":21},"end":{"line":176,"column":31}},"41":{"start":{"line":177,"column":4},"end":{"line":188,"column":6}}},"fnMap":{"0":{"name":"(anonymous_0)","decl":{"start":{"line":20,"column":2},"end":{"line":20,"column":3}},"loc":{"start":{"line":20,"column":22},"end":{"line":22,"column":3}},"line":20},"1":{"name":"(anonymous_1)","decl":{"start":{"line":24,"column":2},"end":{"line":24,"column":3}},"loc":{"start":{"line":24,"column":43},"end":{"line":27,"column":3}},"line":24},"2":{"name":"(anonymous_2)","decl":{"start":{"line":29,"column":2},"end":{"line":29,"column":3}},"loc":{"start":{"line":29,"column":19},"end":{"line":38,"column":3}},"line":29},"3":{"name":"(anonymous_3)","decl":{"start":{"line":35,"column":12},"end":{"line":35,"column":13}},"loc":{"start":{"line":35,"column":19},"end":{"line":35,"column":29}},"line":35},"4":{"name":"(anonymous_4)","decl":{"start":{"line":40,"column":17},"end":{"line":40,"column":18}},"loc":{"start":{"line":40,"column":26},"end":{"line":40,"column":52}},"line":40},"5":{"name":"(anonymous_5)","decl":{"start":{"line":42,"column":24},"end":{"line":42,"column":25}},"loc":{"start":{"line":43,"column":4},"end":{"line":49,"column":7}},"line":43},"6":{"name":"(anonymous_6)","decl":{"start":{"line":43,"column":18},"end":{"line":43,"column":19}},"loc":{"start":{"line":43,"column":37},"end":{"line":49,"column":5}},"line":43},"7":{"name":"(anonymous_7)","decl":{"start":{"line":44,"column":29},"end":{"line":44,"column":30}},"loc":{"start":{"line":44,"column":35},"end":{"line":48,"column":7}},"line":44},"8":{"name":"(anonymous_8)","decl":{"start":{"line":51,"column":22},"end":{"line":51,"column":23}},"loc":{"start":{"line":51,"column":32},"end":{"line":51,"column":69}},"line":51},"9":{"name":"(anonymous_9)","decl":{"start":{"line":53,"column":16},"end":{"line":53,"column":17}},"loc":{"start":{"line":53,"column":30},"end":{"line":58,"column":3}},"line":53},"10":{"name":"(anonymous_10)","decl":{"start":{"line":56,"column":6},"end":{"line":56,"column":7}},"loc":{"start":{"line":56,"column":11},"end":{"line":56,"column":62}},"line":56},"11":{"name":"(anonymous_11)","decl":{"start":{"line":60,"column":27},"end":{"line":60,"column":28}},"loc":{"start":{"line":61,"column":4},"end":{"line":70,"column":7}},"line":61},"12":{"name":"(anonymous_12)","decl":{"start":{"line":61,"column":17},"end":{"line":61,"column":18}},"loc":{"start":{"line":61,"column":23},"end":{"line":70,"column":5}},"line":61},"13":{"name":"(anonymous_13)","decl":{"start":{"line":72,"column":25},"end":{"line":72,"column":26}},"loc":{"start":{"line":73,"column":4},"end":{"line":78,"column":7}},"line":73},"14":{"name":"(anonymous_14)","decl":{"start":{"line":73,"column":17},"end":{"line":73,"column":18}},"loc":{"start":{"line":73,"column":23},"end":{"line":78,"column":5}},"line":73},"15":{"name":"(anonymous_15)","decl":{"start":{"line":75,"column":27},"end":{"line":75,"column":28}},"loc":{"start":{"line":75,"column":41},"end":{"line":75,"column":50}},"line":75},"16":{"name":"(anonymous_16)","decl":{"start":{"line":76,"column":30},"end":{"line":76,"column":31}},"loc":{"start":{"line":76,"column":44},"end":{"line":76,"column":53}},"line":76},"17":{"name":"(anonymous_17)","decl":{"start":{"line":77,"column":34},"end":{"line":77,"column":35}},"loc":{"start":{"line":77,"column":48},"end":{"line":77,"column":57}},"line":77},"18":{"name":"(anonymous_18)","decl":{"start":{"line":80,"column":22},"end":{"line":80,"column":23}},"loc":{"start":{"line":80,"column":29},"end":{"line":172,"column":3}},"line":80},"19":{"name":"(anonymous_19)","decl":{"start":{"line":85,"column":60},"end":{"line":85,"column":61}},"loc":{"start":{"line":85,"column":73},"end":{"line":88,"column":5}},"line":85},"20":{"name":"(anonymous_20)","decl":{"start":{"line":100,"column":6},"end":{"line":100,"column":7}},"loc":{"start":{"line":101,"column":8},"end":{"line":114,"column":9}},"line":101},"21":{"name":"(anonymous_21)","decl":{"start":{"line":102,"column":10},"end":{"line":102,"column":11}},"loc":{"start":{"line":103,"column":12},"end":{"line":113,"column":17}},"line":103},"22":{"name":"(anonymous_22)","decl":{"start":{"line":128,"column":6},"end":{"line":128,"column":7}},"loc":{"start":{"line":128,"column":24},"end":{"line":140,"column":7}},"line":128},"23":{"name":"(anonymous_23)","decl":{"start":{"line":133,"column":12},"end":{"line":133,"column":13}},"loc":{"start":{"line":134,"column":14},"end":{"line":136,"column":45}},"line":134},"24":{"name":"(anonymous_24)","decl":{"start":{"line":147,"column":11},"end":{"line":147,"column":12}},"loc":{"start":{"line":147,"column":17},"end":{"line":156,"column":7}},"line":147},"25":{"name":"(anonymous_25)","decl":{"start":{"line":150,"column":10},"end":{"line":150,"column":11}},"loc":{"start":{"line":151,"column":12},"end":{"line":154,"column":39}},"line":151},"26":{"name":"(anonymous_26)","decl":{"start":{"line":153,"column":19},"end":{"line":153,"column":20}},"loc":{"start":{"line":153,"column":26},"end":{"line":153,"column":40}},"line":153},"27":{"name":"(anonymous_27)","decl":{"start":{"line":154,"column":20},"end":{"line":154,"column":21}},"loc":{"start":{"line":154,"column":30},"end":{"line":154,"column":35}},"line":154},"28":{"name":"(anonymous_28)","decl":{"start":{"line":157,"column":11},"end":{"line":157,"column":12}},"loc":{"start":{"line":157,"column":17},"end":{"line":166,"column":7}},"line":157},"29":{"name":"(anonymous_29)","decl":{"start":{"line":160,"column":10},"end":{"line":160,"column":11}},"loc":{"start":{"line":161,"column":12},"end":{"line":163,"column":20}},"line":161},"30":{"name":"(anonymous_30)","decl":{"start":{"line":174,"column":2},"end":{"line":174,"column":3}},"loc":{"start":{"line":174,"column":11},"end":{"line":189,"column":3}},"line":174}},"branchMap":{"0":{"loc":{"start":{"line":25,"column":4},"end":{"line":26,"column":47}},"type":"binary-expr","locations":[{"start":{"line":25,"column":4},"end":{"line":25,"column":38}},{"start":{"line":26,"column":6},"end":{"line":26,"column":47}}],"line":25},"1":{"loc":{"start":{"line":51,"column":32},"end":{"line":51,"column":69}},"type":"cond-expr","locations":[{"start":{"line":51,"column":48},"end":{"line":51,"column":58}},{"start":{"line":51,"column":61},"end":{"line":51,"column":69}}],"line":51},"2":{"loc":{"start":{"line":87,"column":13},"end":{"line":87,"column":59}},"type":"cond-expr","locations":[{"start":{"line":87,"column":36},"end":{"line":87,"column":40}},{"start":{"line":87,"column":43},"end":{"line":87,"column":59}}],"line":87},"3":{"loc":{"start":{"line":103,"column":12},"end":{"line":113,"column":17}},"type":"cond-expr","locations":[{"start":{"line":104,"column":16},"end":{"line":112,"column":17}},{"start":{"line":113,"column":16},"end":{"line":113,"column":17}}],"line":103},"4":{"loc":{"start":{"line":106,"column":24},"end":{"line":106,"column":75}},"type":"cond-expr","locations":[{"start":{"line":106,"column":51},"end":{"line":106,"column":66}},{"start":{"line":106,"column":69},"end":{"line":106,"column":75}}],"line":106},"5":{"loc":{"start":{"line":107,"column":23},"end":{"line":107,"column":72}},"type":"cond-expr","locations":[{"start":{"line":107,"column":49},"end":{"line":107,"column":64}},{"start":{"line":107,"column":67},"end":{"line":107,"column":72}}],"line":107},"6":{"loc":{"start":{"line":134,"column":14},"end":{"line":136,"column":45}},"type":"cond-expr","locations":[{"start":{"line":135,"column":18},"end":{"line":135,"column":63}},{"start":{"line":136,"column":18},"end":{"line":136,"column":45}}],"line":134},"7":{"loc":{"start":{"line":161,"column":12},"end":{"line":163,"column":20}},"type":"cond-expr","locations":[{"start":{"line":162,"column":16},"end":{"line":162,"column":35}},{"start":{"line":163,"column":16},"end":{"line":163,"column":20}}],"line":161},"8":{"loc":{"start":{"line":179,"column":9},"end":{"line":186,"column":9}},"type":"cond-expr","locations":[{"start":{"line":180,"column":10},"end":{"line":180,"column":21}},{"start":{"line":182,"column":10},"end":{"line":185,"column":16}}],"line":179}},"s":{"0":0,"1":0,"2":0,"3":0,"4":0,"5":0,"6":0,"7":0,"8":0,"9":0,"10":0,"11":0,"12":0,"13":0,"14":0,"15":0,"16":0,"17":0,"18":0,"19":0,"20":0,"21":0,"22":0,"23":0,"24":0,"25":0,"26":0,"27":0,"28":0,"29":0,"30":0,"31":0,"32":0,"33":0,"34":0,"35":0,"36":0,"37":0,"38":0,"39":0,"40":0,"41":0},"f":{"0":0,"1":0,"2":0,"3":0,"4":0,"5":0,"6":0,"7":0,"8":0,"9":0,"10":0,"11":0,"12":0,"13":0,"14":0,"15":0,"16":0,"17":0,"18":0,"19":0,"20":0,"21":0,"22":0,"23":0,"24":0,"25":0,"26":0,"27":0,"28":0,"29":0,"30":0},"b":{"0":[0,0],"1":[0,0],"2":[0,0],"3":[0,0],"4":[0,0],"5":[0,0],"6":[0,0],"7":[0,0],"8":[0,0]},"_coverageSchema":"332fd63041d2c1bcb487cc26dd0d5f7d97098a6c","hash":"7d927e729dd08676267eec979970c1661be40218"}
,"/home/clooker/dev/open-weather-dashboard/src/components/FiveDayForecastColl.js": {"path":"/home/clooker/dev/open-weather-dashboard/src/components/FiveDayForecastColl.js","statementMap":{"0":{"start":{"line":21,"column":9},"end":{"line":31,"column":3}},"1":{"start":{"line":34,"column":32},"end":{"line":34,"column":42}},"2":{"start":{"line":35,"column":4},"end":{"line":53,"column":6}},"3":{"start":{"line":38,"column":76},"end":{"line":38,"column":77}},"4":{"start":{"line":39,"column":24},"end":{"line":49,"column":12}},"5":{"start":{"line":50,"column":10},"end":{"line":50,"column":66}}},"fnMap":{"0":{"name":"(anonymous_0)","decl":{"start":{"line":11,"column":39},"end":{"line":11,"column":40}},"loc":{"start":{"line":21,"column":9},"end":{"line":31,"column":3}},"line":21},"1":{"name":"(anonymous_1)","decl":{"start":{"line":33,"column":2},"end":{"line":33,"column":3}},"loc":{"start":{"line":33,"column":11},"end":{"line":54,"column":3}},"line":33},"2":{"name":"(anonymous_2)","decl":{"start":{"line":37,"column":22},"end":{"line":37,"column":23}},"loc":{"start":{"line":37,"column":27},"end":{"line":51,"column":9}},"line":37}},"branchMap":{},"s":{"0":0,"1":0,"2":0,"3":0,"4":0,"5":0},"f":{"0":0,"1":0,"2":0},"b":{},"_coverageSchema":"332fd63041d2c1bcb487cc26dd0d5f7d97098a6c","hash":"4ec10af3b9c067760bad354317c6c22a7eb54aa6"}
,"/home/clooker/dev/open-weather-dashboard/src/components/FiveDayForecastListItem.js": {"path":"/home/clooker/dev/open-weather-dashboard/src/components/FiveDayForecastListItem.js","statementMap":{"0":{"start":{"line":35,"column":8},"end":{"line":35,"column":18}},"1":{"start":{"line":36,"column":4},"end":{"line":54,"column":6}}},"fnMap":{"0":{"name":"(anonymous_0)","decl":{"start":{"line":24,"column":2},"end":{"line":24,"column":3}},"loc":{"start":{"line":24,"column":11},"end":{"line":55,"column":3}},"line":24}},"branchMap":{},"s":{"0":0,"1":0},"f":{"0":0},"b":{},"_coverageSchema":"332fd63041d2c1bcb487cc26dd0d5f7d97098a6c","hash":"bde7041f9927a10ca0976d1d8eb0aac3addc92c2"}
,"/home/clooker/dev/open-weather-dashboard/src/components/FiveDayForecastTitle.js": {"path":"/home/clooker/dev/open-weather-dashboard/src/components/FiveDayForecastTitle.js","statementMap":{"0":{"start":{"line":10,"column":21},"end":{"line":10,"column":31}},"1":{"start":{"line":11,"column":4},"end":{"line":11,"column":75}}},"fnMap":{"0":{"name":"(anonymous_0)","decl":{"start":{"line":9,"column":2},"end":{"line":9,"column":3}},"loc":{"start":{"line":9,"column":11},"end":{"line":12,"column":3}},"line":9}},"branchMap":{},"s":{"0":0,"1":0},"f":{"0":0},"b":{},"_coverageSchema":"332fd63041d2c1bcb487cc26dd0d5f7d97098a6c","hash":"29dbf4a9cf220b6728d37d4d6c862bc168df5d69"}
,"/home/clooker/dev/open-weather-dashboard/src/components/ForecastCloudiness.js": {"path":"/home/clooker/dev/open-weather-dashboard/src/components/ForecastCloudiness.js","statementMap":{"0":{"start":{"line":10,"column":23},"end":{"line":10,"column":33}},"1":{"start":{"line":11,"column":4},"end":{"line":19,"column":6}}},"fnMap":{"0":{"name":"(anonymous_0)","decl":{"start":{"line":9,"column":2},"end":{"line":9,"column":3}},"loc":{"start":{"line":9,"column":11},"end":{"line":20,"column":3}},"line":9}},"branchMap":{},"s":{"0":0,"1":0},"f":{"0":0},"b":{},"_coverageSchema":"332fd63041d2c1bcb487cc26dd0d5f7d97098a6c","hash":"7a6dc8eec9c45ab732900082b2e09b04990994e0"}
,"/home/clooker/dev/open-weather-dashboard/src/components/ForecastDay.js": {"path":"/home/clooker/dev/open-weather-dashboard/src/components/ForecastDay.js","statementMap":{"0":{"start":{"line":5,"column":20},"end":{"line":5,"column":30}},"1":{"start":{"line":6,"column":4},"end":{"line":10,"column":6}}},"fnMap":{"0":{"name":"(anonymous_0)","decl":{"start":{"line":4,"column":2},"end":{"line":4,"column":3}},"loc":{"start":{"line":4,"column":11},"end":{"line":11,"column":3}},"line":4}},"branchMap":{},"s":{"0":0,"1":0},"f":{"0":0},"b":{},"_coverageSchema":"332fd63041d2c1bcb487cc26dd0d5f7d97098a6c","hash":"c150f933d12bbc65eae0f39f70d84b13be9034dc"}
,"/home/clooker/dev/open-weather-dashboard/src/components/ForecastHighTemperature.js": {"path":"/home/clooker/dev/open-weather-dashboard/src/components/ForecastHighTemperature.js","statementMap":{"0":{"start":{"line":11,"column":28},"end":{"line":11,"column":38}},"1":{"start":{"line":12,"column":4},"end":{"line":22,"column":6}}},"fnMap":{"0":{"name":"(anonymous_0)","decl":{"start":{"line":10,"column":2},"end":{"line":10,"column":3}},"loc":{"start":{"line":10,"column":11},"end":{"line":23,"column":3}},"line":10}},"branchMap":{"0":{"loc":{"start":{"line":19,"column":11},"end":{"line":19,"column":34}},"type":"binary-expr","locations":[{"start":{"line":19,"column":11},"end":{"line":19,"column":15}},{"start":{"line":19,"column":19},"end":{"line":19,"column":34}}],"line":19}},"s":{"0":0,"1":0},"f":{"0":0},"b":{"0":[0,0]},"_coverageSchema":"332fd63041d2c1bcb487cc26dd0d5f7d97098a6c","hash":"6a3e24e8bd7499a48af613fcf98c74171b3d4165"}
,"/home/clooker/dev/open-weather-dashboard/src/components/ForecastLowTemperature.js": {"path":"/home/clooker/dev/open-weather-dashboard/src/components/ForecastLowTemperature.js","statementMap":{"0":{"start":{"line":11,"column":27},"end":{"line":11,"column":37}},"1":{"start":{"line":12,"column":4},"end":{"line":22,"column":6}}},"fnMap":{"0":{"name":"(anonymous_0)","decl":{"start":{"line":10,"column":2},"end":{"line":10,"column":3}},"loc":{"start":{"line":10,"column":11},"end":{"line":23,"column":3}},"line":10}},"branchMap":{"0":{"loc":{"start":{"line":19,"column":11},"end":{"line":19,"column":32}},"type":"binary-expr","locations":[{"start":{"line":19,"column":11},"end":{"line":19,"column":14}},{"start":{"line":19,"column":18},"end":{"line":19,"column":32}}],"line":19}},"s":{"0":0,"1":0},"f":{"0":0},"b":{"0":[0,0]},"_coverageSchema":"332fd63041d2c1bcb487cc26dd0d5f7d97098a6c","hash":"84553f9482f78fa71e39a9099ff1db6284aca836"}
,"/home/clooker/dev/open-weather-dashboard/src/components/ForecastPressure.js": {"path":"/home/clooker/dev/open-weather-dashboard/src/components/ForecastPressure.js","statementMap":{"0":{"start":{"line":10,"column":25},"end":{"line":10,"column":35}},"1":{"start":{"line":11,"column":4},"end":{"line":19,"column":6}}},"fnMap":{"0":{"name":"(anonymous_0)","decl":{"start":{"line":9,"column":2},"end":{"line":9,"column":3}},"loc":{"start":{"line":9,"column":11},"end":{"line":20,"column":3}},"line":9}},"branchMap":{},"s":{"0":0,"1":0},"f":{"0":0},"b":{},"_coverageSchema":"332fd63041d2c1bcb487cc26dd0d5f7d97098a6c","hash":"ebec6e6063efa7abd38e2eb72836d36111271325"}
,"/home/clooker/dev/open-weather-dashboard/src/components/ForecastWeatherAndIcon.js": {"path":"/home/clooker/dev/open-weather-dashboard/src/components/ForecastWeatherAndIcon.js","statementMap":{"0":{"start":{"line":11,"column":30},"end":{"line":11,"column":40}},"1":{"start":{"line":12,"column":4},"end":{"line":20,"column":6}}},"fnMap":{"0":{"name":"(anonymous_0)","decl":{"start":{"line":10,"column":2},"end":{"line":10,"column":3}},"loc":{"start":{"line":10,"column":11},"end":{"line":21,"column":3}},"line":10}},"branchMap":{},"s":{"0":0,"1":0},"f":{"0":0},"b":{},"_coverageSchema":"332fd63041d2c1bcb487cc26dd0d5f7d97098a6c","hash":"02e48bb572956452c7a9651d2ace0bfd292acde5"}
,"/home/clooker/dev/open-weather-dashboard/src/components/ForecastWind.js": {"path":"/home/clooker/dev/open-weather-dashboard/src/components/ForecastWind.js","statementMap":{"0":{"start":{"line":10,"column":21},"end":{"line":10,"column":31}},"1":{"start":{"line":11,"column":4},"end":{"line":19,"column":6}}},"fnMap":{"0":{"name":"(anonymous_0)","decl":{"start":{"line":9,"column":2},"end":{"line":9,"column":3}},"loc":{"start":{"line":9,"column":11},"end":{"line":20,"column":3}},"line":9}},"branchMap":{},"s":{"0":0,"1":0},"f":{"0":0},"b":{},"_coverageSchema":"332fd63041d2c1bcb487cc26dd0d5f7d97098a6c","hash":"4226f9954759ff46d0b022ded1e8422ebe28e629"}
,"/home/clooker/dev/open-weather-dashboard/src/components/GetWeatherAlerts.js": {"path":"/home/clooker/dev/open-weather-dashboard/src/components/GetWeatherAlerts.js","statementMap":{"0":{"start":{"line":14,"column":4},"end":{"line":14,"column":23}},"1":{"start":{"line":18,"column":62},"end":{"line":18,"column":72}},"2":{"start":{"line":20,"column":4},"end":{"line":31,"column":38}},"3":{"start":{"line":21,"column":19},"end":{"line":21,"column":29}},"4":{"start":{"line":23,"column":8},"end":{"line":23,"column":36}},"5":{"start":{"line":25,"column":8},"end":{"line":29,"column":11}},"6":{"start":{"line":26,"column":10},"end":{"line":28,"column":11}},"7":{"start":{"line":27,"column":12},"end":{"line":27,"column":42}},"8":{"start":{"line":31,"column":20},"end":{"line":31,"column":36}},"9":{"start":{"line":35,"column":4},"end":{"line":40,"column":6}}},"fnMap":{"0":{"name":"(anonymous_0)","decl":{"start":{"line":13,"column":2},"end":{"line":13,"column":3}},"loc":{"start":{"line":13,"column":22},"end":{"line":15,"column":3}},"line":13},"1":{"name":"(anonymous_1)","decl":{"start":{"line":17,"column":2},"end":{"line":17,"column":3}},"loc":{"start":{"line":17,"column":16},"end":{"line":32,"column":3}},"line":17},"2":{"name":"(anonymous_2)","decl":{"start":{"line":21,"column":12},"end":{"line":21,"column":13}},"loc":{"start":{"line":21,"column":19},"end":{"line":21,"column":29}},"line":21},"3":{"name":"(anonymous_3)","decl":{"start":{"line":22,"column":12},"end":{"line":22,"column":13}},"loc":{"start":{"line":22,"column":19},"end":{"line":30,"column":7}},"line":22},"4":{"name":"(anonymous_4)","decl":{"start":{"line":25,"column":20},"end":{"line":25,"column":21}},"loc":{"start":{"line":25,"column":36},"end":{"line":29,"column":9}},"line":25},"5":{"name":"(anonymous_5)","decl":{"start":{"line":31,"column":13},"end":{"line":31,"column":14}},"loc":{"start":{"line":31,"column":20},"end":{"line":31,"column":36}},"line":31},"6":{"name":"(anonymous_6)","decl":{"start":{"line":34,"column":2},"end":{"line":34,"column":3}},"loc":{"start":{"line":34,"column":11},"end":{"line":41,"column":3}},"line":34}},"branchMap":{"0":{"loc":{"start":{"line":26,"column":10},"end":{"line":28,"column":11}},"type":"if","locations":[{"start":{"line":26,"column":10},"end":{"line":28,"column":11}},{"start":{"line":26,"column":10},"end":{"line":28,"column":11}}],"line":26}},"s":{"0":0,"1":0,"2":0,"3":0,"4":0,"5":0,"6":0,"7":0,"8":0,"9":0},"f":{"0":0,"1":0,"2":0,"3":0,"4":0,"5":0,"6":0},"b":{"0":[0,0]},"_coverageSchema":"332fd63041d2c1bcb487cc26dd0d5f7d97098a6c","hash":"2e3c03478ef1745a1b0c27f8c1ed5c66aeaab239"}
,"/home/clooker/dev/open-weather-dashboard/src/components/Loading.js": {"path":"/home/clooker/dev/open-weather-dashboard/src/components/Loading.js","statementMap":{"0":{"start":{"line":3,"column":16},"end":{"line":3,"column":43}},"1":{"start":{"line":3,"column":22},"end":{"line":3,"column":43}}},"fnMap":{"0":{"name":"(anonymous_0)","decl":{"start":{"line":3,"column":16},"end":{"line":3,"column":17}},"loc":{"start":{"line":3,"column":22},"end":{"line":3,"column":43}},"line":3}},"branchMap":{},"s":{"0":4,"1":0},"f":{"0":0},"b":{},"_coverageSchema":"332fd63041d2c1bcb487cc26dd0d5f7d97098a6c","hash":"48f6f1d1b53a138d7ed6209eda6a799ca84b0bda"}
,"/home/clooker/dev/open-weather-dashboard/src/components/PollutantStats.js": {"path":"/home/clooker/dev/open-weather-dashboard/src/components/PollutantStats.js","statementMap":{"0":{"start":{"line":4,"column":23},"end":{"line":42,"column":1}},"1":{"start":{"line":5,"column":2},"end":{"line":41,"column":3}},"2":{"start":{"line":8,"column":6},"end":{"line":23,"column":8}},"3":{"start":{"line":25,"column":6},"end":{"line":30,"column":8}},"4":{"start":{"line":32,"column":6},"end":{"line":38,"column":8}},"5":{"start":{"line":40,"column":6},"end":{"line":40,"column":18}},"6":{"start":{"line":44,"column":0},"end":{"line":47,"column":2}}},"fnMap":{"0":{"name":"(anonymous_0)","decl":{"start":{"line":4,"column":23},"end":{"line":4,"column":24}},"loc":{"start":{"line":4,"column":43},"end":{"line":42,"column":1}},"line":4}},"branchMap":{"0":{"loc":{"start":{"line":5,"column":2},"end":{"line":41,"column":3}},"type":"switch","locations":[{"start":{"line":6,"column":4},"end":{"line":6,"column":14}},{"start":{"line":7,"column":4},"end":{"line":23,"column":8}},{"start":{"line":24,"column":4},"end":{"line":30,"column":8}},{"start":{"line":31,"column":4},"end":{"line":38,"column":8}},{"start":{"line":39,"column":4},"end":{"line":40,"column":18}}],"line":5}},"s":{"0":2,"1":0,"2":0,"3":0,"4":0,"5":0,"6":2},"f":{"0":0},"b":{"0":[0,0,0,0,0]},"_coverageSchema":"332fd63041d2c1bcb487cc26dd0d5f7d97098a6c","hash":"20181f28e728dfe66c7b3cefedfb4718f7076ca6"}
,"/home/clooker/dev/open-weather-dashboard/src/components/UnitsSwitcher.js": {"path":"/home/clooker/dev/open-weather-dashboard/src/components/UnitsSwitcher.js","statementMap":{"0":{"start":{"line":11,"column":21},"end":{"line":11,"column":69}},"1":{"start":{"line":14,"column":22},"end":{"line":14,"column":32}},"2":{"start":{"line":15,"column":4},"end":{"line":36,"column":6}}},"fnMap":{"0":{"name":"(anonymous_0)","decl":{"start":{"line":11,"column":16},"end":{"line":11,"column":17}},"loc":{"start":{"line":11,"column":21},"end":{"line":11,"column":69}},"line":11},"1":{"name":"(anonymous_1)","decl":{"start":{"line":13,"column":2},"end":{"line":13,"column":3}},"loc":{"start":{"line":13,"column":11},"end":{"line":37,"column":3}},"line":13}},"branchMap":{"0":{"loc":{"start":{"line":22,"column":23},"end":{"line":22,"column":49}},"type":"cond-expr","locations":[{"start":{"line":22,"column":39},"end":{"line":22,"column":43}},{"start":{"line":22,"column":46},"end":{"line":22,"column":49}}],"line":22},"1":{"loc":{"start":{"line":30,"column":23},"end":{"line":30,"column":49}},"type":"cond-expr","locations":[{"start":{"line":30,"column":39},"end":{"line":30,"column":43}},{"start":{"line":30,"column":46},"end":{"line":30,"column":49}}],"line":30}},"s":{"0":0,"1":0,"2":0},"f":{"0":0,"1":0},"b":{"0":[0,0],"1":[0,0]},"_coverageSchema":"332fd63041d2c1bcb487cc26dd0d5f7d97098a6c","hash":"e686c82ae6057ea1a592fb4739b301af459c0ce4"}
,"/home/clooker/dev/open-weather-dashboard/src/components/WeatherAlertContainer.js": {"path":"/home/clooker/dev/open-weather-dashboard/src/components/WeatherAlertContainer.js","statementMap":{"0":{"start":{"line":12,"column":4},"end":{"line":14,"column":8}},"1":{"start":{"line":12,"column":45},"end":{"line":14,"column":5}},"2":{"start":{"line":18,"column":4},"end":{"line":18,"column":48}},"3":{"start":{"line":22,"column":4},"end":{"line":24,"column":8}},"4":{"start":{"line":22,"column":32},"end":{"line":24,"column":5}},"5":{"start":{"line":28,"column":50},"end":{"line":28,"column":60}},"6":{"start":{"line":29,"column":4},"end":{"line":47,"column":6}}},"fnMap":{"0":{"name":"(anonymous_0)","decl":{"start":{"line":11,"column":30},"end":{"line":11,"column":31}},"loc":{"start":{"line":11,"column":36},"end":{"line":15,"column":3}},"line":11},"1":{"name":"(anonymous_1)","decl":{"start":{"line":12,"column":18},"end":{"line":12,"column":19}},"loc":{"start":{"line":12,"column":45},"end":{"line":14,"column":5}},"line":12},"2":{"name":"(anonymous_2)","decl":{"start":{"line":17,"column":27},"end":{"line":17,"column":28}},"loc":{"start":{"line":17,"column":43},"end":{"line":19,"column":3}},"line":17},"3":{"name":"(anonymous_3)","decl":{"start":{"line":21,"column":26},"end":{"line":21,"column":27}},"loc":{"start":{"line":21,"column":36},"end":{"line":25,"column":3}},"line":21},"4":{"name":"(anonymous_4)","decl":{"start":{"line":22,"column":18},"end":{"line":22,"column":19}},"loc":{"start":{"line":22,"column":32},"end":{"line":24,"column":5}},"line":22},"5":{"name":"(anonymous_5)","decl":{"start":{"line":27,"column":2},"end":{"line":27,"column":3}},"loc":{"start":{"line":27,"column":11},"end":{"line":48,"column":3}},"line":27}},"branchMap":{},"s":{"0":0,"1":0,"2":0,"3":0,"4":0,"5":0,"6":0},"f":{"0":0,"1":0,"2":0,"3":0,"4":0,"5":0},"b":{},"_coverageSchema":"332fd63041d2c1bcb487cc26dd0d5f7d97098a6c","hash":"f8b511e738360629db19b3fbd0561a90bc3388a5"}
,"/home/clooker/dev/open-weather-dashboard/src/components/WeatherAndForecastLocation.js": {"path":"/home/clooker/dev/open-weather-dashboard/src/components/WeatherAndForecastLocation.js","statementMap":{"0":{"start":{"line":10,"column":21},"end":{"line":10,"column":31}},"1":{"start":{"line":11,"column":4},"end":{"line":11,"column":51}}},"fnMap":{"0":{"name":"(anonymous_0)","decl":{"start":{"line":9,"column":2},"end":{"line":9,"column":3}},"loc":{"start":{"line":9,"column":11},"end":{"line":12,"column":3}},"line":9}},"branchMap":{},"s":{"0":0,"1":0},"f":{"0":0},"b":{},"_coverageSchema":"332fd63041d2c1bcb487cc26dd0d5f7d97098a6c","hash":"428f07ee637e9f31a01e10f40f2e283ab50ee9fd"}
,"/home/clooker/dev/open-weather-dashboard/src/utils/handleConversion.js": {"path":"/home/clooker/dev/open-weather-dashboard/src/utils/handleConversion.js","statementMap":{"0":{"start":{"line":1,"column":25},"end":{"line":4,"column":33}},"1":{"start":{"line":2,"column":2},"end":{"line":4,"column":33}}},"fnMap":{"0":{"name":"(anonymous_0)","decl":{"start":{"line":1,"column":25},"end":{"line":1,"column":26}},"loc":{"start":{"line":2,"column":2},"end":{"line":4,"column":33}},"line":2}},"branchMap":{"0":{"loc":{"start":{"line":2,"column":2},"end":{"line":4,"column":33}},"type":"cond-expr","locations":[{"start":{"line":3,"column":6},"end":{"line":3,"column":35}},{"start":{"line":4,"column":6},"end":{"line":4,"column":33}}],"line":2}},"s":{"0":2,"1":0},"f":{"0":0},"b":{"0":[0,0]},"_coverageSchema":"332fd63041d2c1bcb487cc26dd0d5f7d97098a6c","hash":"2ccb9c9537c85fea233e0a4acc8e7774122d8266"}
}
